\BOOKMARK [1][-]{section.1}{Professional\040Profile}{}% 1
\BOOKMARK [1][-]{section.2}{Experience}{}% 2
\BOOKMARK [1][-]{section.3}{Skills}{}% 3
\BOOKMARK [2][-]{subsection.3.1}{Programming}{section.3}% 4
\BOOKMARK [2][-]{subsection.3.2}{IT\040Infrastructure}{section.3}% 5
\BOOKMARK [2][-]{subsection.3.3}{Libraries/Frameworks}{section.3}% 6
\BOOKMARK [2][-]{subsection.3.4}{Tools/Platforms}{section.3}% 7
\BOOKMARK [1][-]{section.4}{Education}{}% 8
\BOOKMARK [2][-]{subsection.4.1}{University\040of\040the\040Armed\040Forces\040-\040ESPE}{section.4}% 9
\BOOKMARK [2][-]{subsection.4.2}{Techinal\040University\040of\040Manabi\040-\040UTM}{section.4}% 10
\BOOKMARK [1][-]{section.5}{Experience}{}% 11
\BOOKMARK [1][-]{section.6}{Projects}{}% 12
\BOOKMARK [1][-]{section.7}{Publication\040History}{}% 13
\BOOKMARK [1][-]{section.8}{Professional\040Involvement\040&\040Volunteering}{}% 14
\BOOKMARK [1][-]{section.9}{Languages}{}% 15
\BOOKMARK [2][-]{subsection.9.1}{Spanish\040-\040Native}{section.9}% 16
\BOOKMARK [2][-]{subsection.9.2}{English\040-\040B1}{section.9}% 17
\BOOKMARK [2][-]{subsection.9.3}{French\040-\040Basic}{section.9}% 18
\BOOKMARK [1][-]{section.10}{Interests}{}% 19
\BOOKMARK [2][-]{subsection.10.1}{}{section.10}% 20
\BOOKMARK [1][-]{section.11}{Hobbies}{}% 21
\BOOKMARK [2][-]{subsection.11.1}{}{section.11}% 22
